<?xml version="1.0" encoding="UTF-8"?>
<robot generator="Robot 3.1.2 (Python 3.7.4 on darwin)" generated="20191124 16:38:56.295" rpa="false">
<suite id="s1" name="Test" source="/Users/somkiat/eclipse-workspace2/day2/ui-test/test.robot">
<test id="s1-t1" name="ลงทะเบียนผู้สนใจทั่วไป">
<kw name="เข้ามาระบบจัดซื้อจัดจ้าง">
<kw name="Open Browser" library="SeleniumLibrary">
<doc>Opens a new browser instance to the optional ``url``.</doc>
<arguments>
<arg>http://www.gprocurement.go.th/new_index.html</arg>
<arg>browser=chrome</arg>
<arg>remote_url=http://localhost:4444/wd/hub</arg>
<arg>desired_capabilities=browserName:chrome</arg>
</arguments>
<msg timestamp="20191124 16:38:56.493" level="INFO">Opening browser 'chrome' to base url 'http://www.gprocurement.go.th/new_index.html' through remote server at 'http://localhost:4444/wd/hub'.</msg>
<status status="PASS" starttime="20191124 16:38:56.493" endtime="20191124 16:38:58.695"></status>
</kw>
<kw name="Maximize Browser Window" library="SeleniumLibrary">
<doc>Maximizes current browser window.</doc>
<status status="PASS" starttime="20191124 16:38:58.695" endtime="20191124 16:38:58.840"></status>
</kw>
<status status="PASS" starttime="20191124 16:38:56.493" endtime="20191124 16:38:58.841"></status>
</kw>
<kw name="ทำการลงทะเบียนผู้สนใจทั่วไป">
<kw name="Click Element" library="SeleniumLibrary">
<doc>Click the element identified by ``locator``.</doc>
<arguments>
<arg>xpath://*[@id="loginDiv"]/div[2]/div/div/div/form/div[2]/div[1]/div/a</arg>
</arguments>
<msg timestamp="20191124 16:38:58.842" level="INFO">Clicking element 'xpath://*[@id="loginDiv"]/div[2]/div/div/div/form/div[2]/div[1]/div/a'.</msg>
<status status="PASS" starttime="20191124 16:38:58.842" endtime="20191124 16:38:59.791"></status>
</kw>
<kw name="Click Element" library="SeleniumLibrary">
<doc>Click the element identified by ``locator``.</doc>
<arguments>
<arg>id:Btn2</arg>
</arguments>
<msg timestamp="20191124 16:38:59.791" level="INFO">Clicking element 'id:Btn2'.</msg>
<status status="PASS" starttime="20191124 16:38:59.791" endtime="20191124 16:39:00.033"></status>
</kw>
<kw name="Wait Until Element Is Enabled" library="SeleniumLibrary">
<doc>Waits until the element ``locator`` is enabled.</doc>
<arguments>
<arg>id:SubmitBtn</arg>
</arguments>
<status status="PASS" starttime="20191124 16:39:00.033" endtime="20191124 16:39:00.309"></status>
</kw>
<kw name="Click Element" library="SeleniumLibrary">
<doc>Click the element identified by ``locator``.</doc>
<arguments>
<arg>id:SubmitBtn</arg>
</arguments>
<msg timestamp="20191124 16:39:00.309" level="INFO">Clicking element 'id:SubmitBtn'.</msg>
<status status="PASS" starttime="20191124 16:39:00.309" endtime="20191124 16:39:00.725"></status>
</kw>
<status status="PASS" starttime="20191124 16:38:58.841" endtime="20191124 16:39:00.725"></status>
</kw>
<kw name="กรอกข้อมูลนายสมเกียรติ">
<kw name="Wait Until Element Is Enabled" library="SeleniumLibrary">
<doc>Waits until the element ``locator`` is enabled.</doc>
<arguments>
<arg>id:GENERAL_PIN</arg>
</arguments>
<status status="PASS" starttime="20191124 16:39:00.726" endtime="20191124 16:39:00.778"></status>
</kw>
<kw name="Input Text" library="SeleniumLibrary">
<doc>Types the given ``text`` into the text field identified by ``locator``.</doc>
<arguments>
<arg>id:GENERAL_PIN</arg>
<arg>3301800293587</arg>
</arguments>
<msg timestamp="20191124 16:39:00.778" level="INFO">Typing text '3301800293587' into text field 'id:GENERAL_PIN'.</msg>
<status status="PASS" starttime="20191124 16:39:00.778" endtime="20191124 16:39:00.942"></status>
</kw>
<status status="PASS" starttime="20191124 16:39:00.725" endtime="20191124 16:39:00.942"></status>
</kw>
<kw name="E1001 : XXX">
<msg timestamp="20191124 16:39:00.945" level="FAIL">No keyword with name 'E1001 : XXX' found.</msg>
<status status="FAIL" starttime="20191124 16:39:00.945" endtime="20191124 16:39:00.945"></status>
</kw>
<kw name="Close Browser" library="SeleniumLibrary" type="teardown">
<doc>Closes the current browser.</doc>
<status status="PASS" starttime="20191124 16:39:00.945" endtime="20191124 16:39:01.004"></status>
</kw>
<status status="FAIL" starttime="20191124 16:38:56.491" endtime="20191124 16:39:01.004" critical="yes">No keyword with name 'E1001 : XXX' found.</status>
</test>
<status status="FAIL" starttime="20191124 16:38:56.296" endtime="20191124 16:39:01.005"></status>
</suite>
<statistics>
<total>
<stat pass="0" fail="1">Critical Tests</stat>
<stat pass="0" fail="1">All Tests</stat>
</total>
<tag>
</tag>
<suite>
<stat pass="0" fail="1" id="s1" name="Test">Test</stat>
</suite>
</statistics>
<errors>
</errors>
</robot>
